0 info it worked if it ends with ok
1 verbose cli [ '/usr/local/bin/node', '/usr/local/bin/npm', 'run', 'package' ]
2 info using npm@3.10.10
3 info using node@v6.9.5
4 verbose run-script [ 'prepackage', 'package', 'postpackage' ]
5 info lifecycle image-resize-service@0.1.1~prepackage: image-resize-service@0.1.1
6 silly lifecycle image-resize-service@0.1.1~prepackage: no script for prepackage, continuing
7 info lifecycle image-resize-service@0.1.1~package: image-resize-service@0.1.1
8 verbose lifecycle image-resize-service@0.1.1~package: unsafe-perm in lifecycle true
9 verbose lifecycle image-resize-service@0.1.1~package: PATH: /usr/local/lib/node_modules/npm/bin/node-gyp-bin:/Users/sergey/code/msc/image-resizer-service/node_modules/.bin:/usr/local/bin:/usr/bin:/bin:/usr/sbin:/sbin:/opt/X11/bin
10 verbose lifecycle image-resize-service@0.1.1~package: CWD: /Users/sergey/code/msc/image-resizer-service
11 silly lifecycle image-resize-service@0.1.1~package: Args: [ '-c',
11 silly lifecycle   'npm run build && aws cloudformation package --template-file template.yaml --output-template-file dist/template-packaged.yml --s3-bucket $CODE_BUCKET' ]
12 silly lifecycle image-resize-service@0.1.1~package: Returned: code: 1  signal: null
13 info lifecycle image-resize-service@0.1.1~package: Failed to exec package script
14 verbose stack Error: image-resize-service@0.1.1 package: `npm run build && aws cloudformation package --template-file template.yaml --output-template-file dist/template-packaged.yml --s3-bucket $CODE_BUCKET`
14 verbose stack Exit status 1
14 verbose stack     at EventEmitter.<anonymous> (/usr/local/lib/node_modules/npm/lib/utils/lifecycle.js:255:16)
14 verbose stack     at emitTwo (events.js:106:13)
14 verbose stack     at EventEmitter.emit (events.js:191:7)
14 verbose stack     at ChildProcess.<anonymous> (/usr/local/lib/node_modules/npm/lib/utils/spawn.js:40:14)
14 verbose stack     at emitTwo (events.js:106:13)
14 verbose stack     at ChildProcess.emit (events.js:191:7)
14 verbose stack     at maybeClose (internal/child_process.js:877:16)
14 verbose stack     at Process.ChildProcess._handle.onexit (internal/child_process.js:226:5)
15 verbose pkgid image-resize-service@0.1.1
16 verbose cwd /Users/sergey/code/msc/image-resizer-service
17 error Darwin 17.7.0
18 error argv "/usr/local/bin/node" "/usr/local/bin/npm" "run" "package"
19 error node v6.9.5
20 error npm  v3.10.10
21 error code ELIFECYCLE
22 error image-resize-service@0.1.1 package: `npm run build && aws cloudformation package --template-file template.yaml --output-template-file dist/template-packaged.yml --s3-bucket $CODE_BUCKET`
22 error Exit status 1
23 error Failed at the image-resize-service@0.1.1 package script 'npm run build && aws cloudformation package --template-file template.yaml --output-template-file dist/template-packaged.yml --s3-bucket $CODE_BUCKET'.
23 error Make sure you have the latest version of node.js and npm installed.
23 error If you do, this is most likely a problem with the image-resize-service package,
23 error not with npm itself.
23 error Tell the author that this fails on your system:
23 error     npm run build && aws cloudformation package --template-file template.yaml --output-template-file dist/template-packaged.yml --s3-bucket $CODE_BUCKET
23 error You can get information on how to open an issue for this project with:
23 error     npm bugs image-resize-service
23 error Or if that isn't available, you can get their info via:
23 error     npm owner ls image-resize-service
23 error There is likely additional logging output above.
24 verbose exit [ 1, true ]
